2008.01.15 23:29 B D:\works_2006\reflect9.com\project_designingfor\prototype\0_rivernight.swf <-- reflect9 /www/shared/gra 0_rivernight.swf
2008.01.15 23:29 B D:\works_2006\reflect9.com\project_designingfor\prototype\1.wmv <-- reflect9 /www/shared/gra 1.wmv
2008.01.15 23:29 B D:\works_2006\reflect9.com\project_designingfor\prototype\1_delfthoutse1.swf <-- reflect9 /www/shared/gra 1_delfthoutse1.swf
2008.01.15 23:29 B D:\works_2006\reflect9.com\project_designingfor\prototype\2_twoBoyID.swf <-- reflect9 /www/shared/gra 2_twoBoyID.swf
2008.01.15 23:29 B D:\works_2006\reflect9.com\project_designingfor\prototype\3_delftCentrum.swf <-- reflect9 /www/shared/gra 3_delftCentrum.swf
2008.01.15 23:29 B D:\works_2006\reflect9.com\project_designingfor\prototype\4_delftCentrum2.swf <-- reflect9 /www/shared/gra 4_delftCentrum2.swf
2008.01.15 23:29 B D:\works_2006\reflect9.com\project_designingfor\prototype\5_window.swf <-- reflect9 /www/shared/gra 5_window.swf
2008.01.15 23:29 B D:\works_2006\reflect9.com\project_designingfor\prototype\6_flowers.swf <-- reflect9 /www/shared/gra 6_flowers.swf
2008.01.15 23:29 B D:\works_2006\reflect9.com\project_designingfor\prototype\AC_RunActiveContent.js <-- reflect9 /www/shared/gra AC_RunActiveContent.js
2008.01.15 23:29 B D:\works_2006\reflect9.com\project_designingfor\prototype\all_for eval.pdf <-- reflect9 /www/shared/gra all_for eval.pdf
2008.01.15 23:29 B D:\works_2006\reflect9.com\project_designingfor\prototype\exp_1.wmv <-- reflect9 /www/shared/gra exp_1.wmv
2008.01.15 23:30 B D:\works_2006\reflect9.com\project_designingfor\prototype\presentation.ppt <-- reflect9 /www/shared/gra presentation.ppt
2008.01.15 23:30 B D:\works_2006\reflect9.com\project_designingfor\prototype\start.html <-- reflect9 /www/shared/gra start.html
2008.01.15 23:30 B D:\works_2006\reflect9.com\project_designingfor\prototype\start.swf <-- reflect9 /www/shared/gra start.swf
2008.01.16 13:54 B D:\works_2006\reflect9.com\project_designingfor\prototype\M:\image\_06_0212 굿바이 영우\MVI_2838.AVI --> w64-028.cafe24.com /www/shared MVI_2838.AVI
2008.01.16 13:59 B D:\works_2006\reflect9.com\project_designingfor\prototype\M:\image\_06_0212 굿바이 영우\_06_0212.zip --> w64-028.cafe24.com /www/shared _06_0212.zip
2008.01.16 15:50 B D:\works_2006\reflect9.com\project_designingfor\prototype\D:\works\석사가자\준비중\cdrom완성\PostOnDimension\PostOnDimension.html --> w64-028.cafe24.com /www/shared PostOnDimension.html
2008.01.16 15:51 B D:\works_2006\reflect9.com\project_designingfor\prototype\D:\works\석사가자\준비중\cdrom완성\PostOnDimension\PostOnDimension.swf --> w64-028.cafe24.com /www/shared PostOnDimension.swf
2008.01.16 19:48 B D:\works_2006\reflect9.com\project_designingfor\prototype\D:\works_2006\reflect9.com\project_oladay_old.html --> w64-028.cafe24.com /www/portfolio project_oladay_old.html
2008.01.16 19:48 B D:\works_2006\reflect9.com\project_designingfor\prototype\D:\works_2006\reflect9.com\project_pond.html --> w64-028.cafe24.com /www/portfolio project_pond.html
2008.01.16 19:48 B D:\works_2006\reflect9.com\project_designingfor\prototype\D:\works_2006\reflect9.com\project_sandmessage.html --> w64-028.cafe24.com /www/portfolio project_sandmessage.html
2008.01.16 19:48 B D:\works_2006\reflect9.com\project_designingfor\prototype\D:\works_2006\reflect9.com\project_subtleabsurdity.html --> w64-028.cafe24.com /www/portfolio project_subtleabsurdity.html
2008.01.16 19:48 B D:\works_2006\reflect9.com\project_designingfor\prototype\D:\works_2006\reflect9.com\project_twisters.html --> w64-028.cafe24.com /www/portfolio project_twisters.html
2008.01.16 19:48 B D:\works_2006\reflect9.com\project_designingfor\prototype\D:\works_2006\reflect9.com\style.css --> w64-028.cafe24.com /www/portfolio style.css
2008.01.16 19:48 B D:\works_2006\reflect9.com\project_designingfor\prototype\D:\works_2006\reflect9.com\index.html --> w64-028.cafe24.com /www/portfolio index.html
2008.01.16 19:49 B D:\works_2006\reflect9.com\project_designingfor\prototype\D:\works_2006\reflect9.com\project_chongmyo.html --> w64-028.cafe24.com /www/portfolio project_chongmyo.html
2008.01.16 19:49 B D:\works_2006\reflect9.com\project_designingfor\prototype\D:\works_2006\reflect9.com\project_designingfor.html --> w64-028.cafe24.com /www/portfolio project_designingfor.html
2008.01.16 19:49 B D:\works_2006\reflect9.com\project_designingfor\prototype\D:\works_2006\reflect9.com\project_fungus.html --> w64-028.cafe24.com /www/portfolio project_fungus.html
2008.01.16 19:49 B D:\works_2006\reflect9.com\project_designingfor\prototype\D:\works_2006\reflect9.com\project_intu.html --> w64-028.cafe24.com /www/portfolio project_intu.html
2008.01.16 19:49 B D:\works_2006\reflect9.com\project_designingfor\prototype\D:\works_2006\reflect9.com\project_oladay.html --> w64-028.cafe24.com /www/portfolio project_oladay.html
2008.01.16 19:49 B D:\works_2006\reflect9.com\project_designingfor\prototype\D:\works_2006\reflect9.com\project_chongmyo\default_bg.jpg --> w64-028.cafe24.com /www/portfolio default_bg.jpg
2008.01.16 19:49 B D:\works_2006\reflect9.com\project_designingfor\prototype\D:\works_2006\reflect9.com\project_chongmyo\layer1_1.jpg --> w64-028.cafe24.com /www/portfolio layer1_1.jpg
2008.01.16 19:49 B D:\works_2006\reflect9.com\project_designingfor\prototype\D:\works_2006\reflect9.com\project_chongmyo\layer1_1_org.jpg --> w64-028.cafe24.com /www/portfolio layer1_1_org.jpg
2008.01.16 19:49 B D:\works_2006\reflect9.com\project_designingfor\prototype\D:\works_2006\reflect9.com\project_chongmyo\layer1_2.jpg --> w64-028.cafe24.com /www/portfolio layer1_2.jpg
2008.01.16 19:49 B D:\works_2006\reflect9.com\project_designingfor\prototype\D:\works_2006\reflect9.com\project_chongmyo\layer1_2.psd --> w64-028.cafe24.com /www/portfolio layer1_2.psd
2008.01.16 19:49 B D:\works_2006\reflect9.com\project_designingfor\prototype\D:\works_2006\reflect9.com\project_chongmyo\layer2_1.jpg --> w64-028.cafe24.com /www/portfolio layer2_1.jpg
2008.01.16 19:49 B D:\works_2006\reflect9.com\project_designingfor\prototype\D:\works_2006\reflect9.com\project_chongmyo\layer2_1_org.jpg --> w64-028.cafe24.com /www/portfolio layer2_1_org.jpg
2008.01.16 19:49 B D:\works_2006\reflect9.com\project_designingfor\prototype\D:\works_2006\reflect9.com\project_chongmyo\layer3_1.jpg --> w64-028.cafe24.com /www/portfolio layer3_1.jpg
2008.01.16 19:49 B D:\works_2006\reflect9.com\project_designingfor\prototype\D:\works_2006\reflect9.com\project_chongmyo\layer3_1.psd --> w64-028.cafe24.com /www/portfolio layer3_1.psd
2008.01.16 19:49 B D:\works_2006\reflect9.com\project_designingfor\prototype\D:\works_2006\reflect9.com\project_chongmyo\layer3_1_org.jpg --> w64-028.cafe24.com /www/portfolio layer3_1_org.jpg
2008.01.16 19:49 B D:\works_2006\reflect9.com\project_designingfor\prototype\D:\works_2006\reflect9.com\project_chongmyo\layer3_2.jpg --> w64-028.cafe24.com /www/portfolio layer3_2.jpg
2008.01.16 19:49 B D:\works_2006\reflect9.com\project_designingfor\prototype\D:\works_2006\reflect9.com\project_chongmyo\layer3_2_org.jpg --> w64-028.cafe24.com /www/portfolio layer3_2_org.jpg
2008.01.16 19:49 B D:\works_2006\reflect9.com\project_designingfor\prototype\D:\works_2006\reflect9.com\project_chongmyo\layer3_3.jpg --> w64-028.cafe24.com /www/portfolio layer3_3.jpg
2008.01.16 19:49 B D:\works_2006\reflect9.com\project_designingfor\prototype\D:\works_2006\reflect9.com\project_chongmyo\layer3_3_org.jpg --> w64-028.cafe24.com /www/portfolio layer3_3_org.jpg
2008.01.16 19:49 B D:\works_2006\reflect9.com\project_designingfor\prototype\D:\works_2006\reflect9.com\project_chongmyo\project.jpg --> w64-028.cafe24.com /www/portfolio project.jpg
2008.01.16 19:49 B D:\works_2006\reflect9.com\project_designingfor\prototype\D:\works_2006\reflect9.com\project_chongmyo\project_chongmyo.html.bak --> w64-028.cafe24.com /www/portfolio project_chongmyo.html.bak
2008.01.16 19:49 B D:\works_2006\reflect9.com\project_designingfor\prototype\D:\works_2006\reflect9.com\project_chongmyo\project_chongmyo_old.html --> w64-028.cafe24.com /www/portfolio project_chongmyo_old.html
2008.01.16 19:49 B D:\works_2006\reflect9.com\project_designingfor\prototype\D:\works_2006\reflect9.com\project_chongmyo\proposal1.jpg --> w64-028.cafe24.com /www/portfolio proposal1.jpg
2008.01.16 19:49 B D:\works_2006\reflect9.com\project_designingfor\prototype\D:\works_2006\reflect9.com\project_chongmyo\proposal2.jpg --> w64-028.cafe24.com /www/portfolio proposal2.jpg
2008.01.16 19:49 B D:\works_2006\reflect9.com\project_designingfor\prototype\D:\works_2006\reflect9.com\project_chongmyo\proposal3.jpg --> w64-028.cafe24.com /www/portfolio proposal3.jpg
2008.01.16 19:49 B D:\works_2006\reflect9.com\project_designingfor\prototype\D:\works_2006\reflect9.com\project_chongmyo\proposal4.jpg --> w64-028.cafe24.com /www/portfolio proposal4.jpg
2008.01.16 19:49 B D:\works_2006\reflect9.com\project_designingfor\prototype\D:\works_2006\reflect9.com\project_chongmyo\title.jpg --> w64-028.cafe24.com /www/portfolio title.jpg
2008.01.16 19:49 B D:\works_2006\reflect9.com\project_designingfor\prototype\D:\works_2006\reflect9.com\project_designingfor\product.jpg --> w64-028.cafe24.com /www/portfolio product.jpg
2008.01.16 19:49 B D:\works_2006\reflect9.com\project_designingfor\prototype\D:\works_2006\reflect9.com\project_designingfor\product.psd --> w64-028.cafe24.com /www/portfolio product.psd
2008.01.16 19:49 B D:\works_2006\reflect9.com\project_designingfor\prototype\D:\works_2006\reflect9.com\project_designingfor\prototype\0_rivernight.swf --> w64-028.cafe24.com /www/portfolio 0_rivernight.swf
2008.01.16 19:50 B D:\works_2006\reflect9.com\project_designingfor\prototype\D:\works_2006\reflect9.com\project_designingfor\prototype\1.wmv --> w64-028.cafe24.com /www/portfolio 1.wmv
2008.01.16 19:50 B D:\works_2006\reflect9.com\project_designingfor\prototype\D:\works_2006\reflect9.com\project_designingfor\prototype\1_delfthoutse1.swf --> w64-028.cafe24.com /www/portfolio 1_delfthoutse1.swf
2008.01.16 19:50 B D:\works_2006\reflect9.com\project_designingfor\prototype\D:\works_2006\reflect9.com\project_designingfor\prototype\2_twoBoyID.swf --> w64-028.cafe24.com /www/portfolio 2_twoBoyID.swf
2008.01.16 19:50 B D:\works_2006\reflect9.com\project_designingfor\prototype\D:\works_2006\reflect9.com\project_designingfor\prototype\3_delftCentrum.swf --> w64-028.cafe24.com /www/portfolio 3_delftCentrum.swf
2008.01.16 19:50 B D:\works_2006\reflect9.com\project_designingfor\prototype\D:\works_2006\reflect9.com\project_designingfor\prototype\4_delftCentrum2.swf --> w64-028.cafe24.com /www/portfolio 4_delftCentrum2.swf
2008.01.16 19:50 B D:\works_2006\reflect9.com\project_designingfor\prototype\D:\works_2006\reflect9.com\project_designingfor\prototype\5_window.swf --> w64-028.cafe24.com /www/portfolio 5_window.swf
2008.01.16 19:50 B D:\works_2006\reflect9.com\project_designingfor\prototype\D:\works_2006\reflect9.com\project_designingfor\prototype\6_flowers.swf --> w64-028.cafe24.com /www/portfolio 6_flowers.swf
2008.01.16 19:50 B D:\works_2006\reflect9.com\project_designingfor\prototype\D:\works_2006\reflect9.com\project_designingfor\prototype\AC_RunActiveContent.js --> w64-028.cafe24.com /www/portfolio AC_RunActiveContent.js
2008.01.16 19:50 B D:\works_2006\reflect9.com\project_designingfor\prototype\D:\works_2006\reflect9.com\project_designingfor\prototype\exp_1.wmv --> w64-028.cafe24.com /www/portfolio exp_1.wmv
2008.01.16 19:50 B D:\works_2006\reflect9.com\project_designingfor\prototype\D:\works_2006\reflect9.com\project_designingfor\prototype\start.html --> w64-028.cafe24.com /www/portfolio start.html
2008.01.16 19:50 B D:\works_2006\reflect9.com\project_designingfor\prototype\D:\works_2006\reflect9.com\project_designingfor\prototype\start.swf --> w64-028.cafe24.com /www/portfolio start.swf
